Using pre-set license
Built from '2020.3/staging' branch; Version is '2020.3.28f1 (f5400f52e03f) revision 16072719'; Using compiler version '192528614'; Build Type 'Release'
OS: 'Windows 10  (10.0.19044) 64bit Core' Language: 'en' Physical Memory: 16278 MB
BatchMode: 1, IsHumanControllingUs: 0, StartBugReporterOnCrash: 0, Is64bit: 1, IsPro: 0

COMMAND LINE ARGUMENTS:
C:\Program Files\Unity 2020.3.28f1\Editor\Unity.exe
-adb2
-batchMode
-noUpm
-name
AssetImportWorker0
-projectPath
C:/Users/ivery/OneDrive/Documents/MagritteVR/VRProject
-logFile
Logs/AssetImportWorker0.log
-srvPort
50236
Successfully changed project path to: C:/Users/ivery/OneDrive/Documents/MagritteVR/VRProject
C:/Users/ivery/OneDrive/Documents/MagritteVR/VRProject
Using Asset Import Pipeline V2.
Refreshing native plugins compatible for Editor in 45.13 ms, found 5 plugins.
Preloading 1 native plugins for Editor in 0.89 ms.
Initialize engine version: 2020.3.28f1 (f5400f52e03f)
[Subsystems] Discovering subsystems at path C:/Program Files/Unity 2020.3.28f1/Editor/Data/Resources/UnitySubsystems
[Subsystems] Discovering subsystems at path C:/Users/ivery/OneDrive/Documents/MagritteVR/VRProject/Assets
GfxDevice: creating device client; threaded=0
Direct3D:
    Version:  Direct3D 11.0 [level 11.1]
    Renderer: AMD Radeon Pro 5300M (ID=0x7340)
    Vendor:   
    VRAM:     4056 MB
    Driver:   26.20.13003.5002
Initialize mono
Mono path[0] = 'C:/Program Files/Unity 2020.3.28f1/Editor/Data/Managed'
Mono path[1] = 'C:/Program Files/Unity 2020.3.28f1/Editor/Data/MonoBleedingEdge/lib/mono/unityjit'
Mono config path = 'C:/Program Files/Unity 2020.3.28f1/Editor/Data/MonoBleedingEdge/etc'
Using monoOptions --debugger-agent=transport=dt_socket,embedding=1,server=y,suspend=n,address=127.0.0.1:56768
Begin MonoManager ReloadAssembly
Registering precompiled unity dll's ...
Register platform support module: C:/Program Files/Unity 2020.3.28f1/Editor/Data/PlaybackEngines/WindowsStandaloneSupport/UnityEditor.WindowsStandalone.Extensions.dll
Registered in 0.001876 seconds.
Native extension for WindowsStandalone target not found
Refreshing native plugins compatible for Editor in 39.60 ms, found 5 plugins.
Preloading 1 native plugins for Editor in 0.09 ms.
Mono: successfully reloaded assembly
- Completed reload, in  0.582 seconds
Domain Reload Profiling:
	ReloadAssembly (582ms)
		BeginReloadAssembly (60ms)
			ExecutionOrderSort (0ms)
			DisableScriptedObjects (0ms)
			BackupInstance (0ms)
			ReleaseScriptingObjects (0ms)
			CreateAndSetChildDomain (1ms)
		EndReloadAssembly (455ms)
			LoadAssemblies (58ms)
			RebuildTransferFunctionScriptingTraits (0ms)
			SetupTypeCache (157ms)
			ReleaseScriptCaches (0ms)
			RebuildScriptCaches (30ms)
			SetupLoadedEditorAssemblies (159ms)
				LogAssemblyErrors (0ms)
				InitializePlatformSupportModulesInManaged (4ms)
				SetLoadedEditorAssemblies (0ms)
				RefreshPlugins (40ms)
				BeforeProcessingInitializeOnLoad (8ms)
				ProcessInitializeOnLoadAttributes (80ms)
				ProcessInitializeOnLoadMethodAttributes (27ms)
				AfterProcessingInitializeOnLoad (0ms)
				EditorAssembliesLoaded (0ms)
			ExecutionOrderSort2 (0ms)
			AwakeInstancesAfterBackupRestoration (0ms)
Platform modules already initialized, skipping
Registering precompiled user dll's ...
Registered in 0.006304 seconds.
Begin MonoManager ReloadAssembly
Native extension for WindowsStandalone target not found
Refreshing native plugins compatible for Editor in 39.86 ms, found 5 plugins.
Preloading 1 native plugins for Editor in 0.08 ms.
[XR] OculusXRPlugin: registering subsystems
[XR] Unable to register display lifecyle provider: [1]
[XR] Oculus Input lifecycle provider registered.
[XR] Unable to register input lifecyle provider: [1]
System.Reflection.TargetInvocationException: Exception has been thrown by the target of an invocation. ---> System.NullReferenceException: Object reference not set to an instance of an object
  at Unity.XR.Oculus.OculusLoader.AssetPathToAbsolutePath (System.String assetPath) [0x00048] in C:\Users\ivery\OneDrive\Documents\MagritteVR\VRProject\Library\PackageCache\com.unity.xr.oculus@1.11.2\Runtime\OculusLoader.cs:250 
  at Unity.XR.Oculus.OculusLoader.EditorLoadOVRPlugin () [0x0007b] in C:\Users\ivery\OneDrive\Documents\MagritteVR\VRProject\Library\PackageCache\com.unity.xr.oculus@1.11.2\Runtime\OculusLoader.cs:235 
  at (wrapper managed-to-native) System.Reflection.MonoMethod.InternalInvoke(System.Reflection.MonoMethod,object,object[],System.Exception&)
  at System.Reflection.MonoMethod.Invoke (System.Object obj, System.Reflection.BindingFlags invokeAttr, System.Reflection.Binder binder, System.Object[] parameters, System.Globalization.CultureInfo culture) [0x00032] in <695d1cc93cca45069c528c15c9fdd749>:0 
   --- End of inner exception stack trace ---
  at System.Reflection.MonoMethod.Invoke (System.Object obj, System.Reflection.BindingFlags invokeAttr, System.Reflection.Binder binder, System.Object[] parameters, System.Globalization.CultureInfo culture) [0x00048] in <695d1cc93cca45069c528c15c9fdd749>:0 
  at System.Reflection.MethodBase.Invoke (System.Object obj, System.Object[] parameters) [0x00000] in <695d1cc93cca45069c528c15c9fdd749>:0 
  at UnityEditor.EditorAssemblies.ProcessInitializeOnLoadMethodAttributes () [0x00047] in <af1a2f671a98418f910899d70a717c00>:0 
UnityEngine.StackTraceUtility:ExtractStackTrace ()
UnityEngine.DebugLogHandler:LogFormat (UnityEngine.LogType,UnityEngine.Object,string,object[])
UnityEngine.Logger:Log (UnityEngine.LogType,object)
UnityEngine.Debug:LogError (object)
UnityEditor.EditorAssemblies:ProcessInitializeOnLoadMethodAttributes ()

Mono: successfully reloaded assembly
- Completed reload, in  1.120 seconds
Domain Reload Profiling:
	ReloadAssembly (1121ms)
		BeginReloadAssembly (149ms)
			ExecutionOrderSort (0ms)
			DisableScriptedObjects (4ms)
			BackupInstance (0ms)
			ReleaseScriptingObjects (0ms)
			CreateAndSetChildDomain (17ms)
		EndReloadAssembly (911ms)
			LoadAssemblies (97ms)
			RebuildTransferFunctionScriptingTraits (0ms)
			SetupTypeCache (289ms)
			ReleaseScriptCaches (0ms)
			RebuildScriptCaches (46ms)
			SetupLoadedEditorAssemblies (365ms)
				LogAssemblyErrors (0ms)
				InitializePlatformSupportModulesInManaged (3ms)
				SetLoadedEditorAssemblies (0ms)
				RefreshPlugins (40ms)
				BeforeProcessingInitializeOnLoad (67ms)
				ProcessInitializeOnLoadAttributes (230ms)
				ProcessInitializeOnLoadMethodAttributes (19ms)
				AfterProcessingInitializeOnLoad (6ms)
				EditorAssembliesLoaded (0ms)
			ExecutionOrderSort2 (0ms)
			AwakeInstancesAfterBackupRestoration (5ms)
Platform modules already initialized, skipping
========================================================================
Worker process is ready to serve import requests
Launched and connected shader compiler UnityShaderCompiler.exe after 0.08 seconds
Refreshing native plugins compatible for Editor in 0.48 ms, found 5 plugins.
Preloading 1 native plugins for Editor in 0.09 ms.
Unloading 2243 Unused Serialized files (Serialized files now loaded: 0)
System memory in use before: 94.2 MB.
System memory in use after: 94.3 MB.

Unloading 24 unused Assets to reduce memory usage. Loaded Objects now: 2678.
Total: 2.958900 ms (FindLiveObjects: 0.136800 ms CreateObjectMapping: 0.066700 ms MarkObjects: 2.701500 ms  DeleteObjects: 0.053200 ms)

AssetImportParameters requested are different than current active one (requested -> active):
  custom:framework-win-MediaFoundation: 216162199b28c13a410421893ffa2e32 -> 
  custom:video-decoder-ogg-theora: a1e56fd34408186e4bbccfd4996cb3dc -> 
  custom:container-muxer-webm: aa71ff27fc2769a1b78a27578f13a17b -> 
  custom:container-demuxer-webm: 4f35f7cbe854078d1ac9338744f61a02 -> 
  custom:container-demuxer-ogg: 62fdf1f143b41e24485cea50d1cbac27 -> 
  custom:video-encoder-webm-vp8: eb34c28f22e8b96e1ab97ce403110664 -> 
  custom:video-decoder-webm-vp8: 9c59270c3fd7afecdb556c50c9e8de78 -> 
  custom:audio-decoder-ogg-vorbis: bf7c407c2cedff20999df2af8eb42d56 -> 
  custom:audio-encoder-webm-vorbis: bf7c407c2cedff20999df2af8eb42d56 -> 
========================================================================
Received Import Request.
  path: Assets/Models(NewWithClouds)/MagritteInside_Projection.blend
  artifactKey: Guid(f10ec3458f150dd488d6baf57bfb73e7) Importer(815301076,1909f56bfc062723c751e8b465ee728b)
Start importing Assets/Models(NewWithClouds)/MagritteInside_Projection.blend using Guid(f10ec3458f150dd488d6baf57bfb73e7) Importer(815301076,1909f56bfc062723c751e8b465ee728b)  -> (artifact id: 'bdaf818cfb8db01942d595f73da4d2d8') in 0.511987 seconds 
  Import took 0.517149 seconds .

========================================================================
Received Import Request.
  Time since last request: 0.000223 seconds.
  path: Assets/Models(NewWithClouds)/MagritteInside.blend
  artifactKey: Guid(9b3058f942e8bbb4cbaaf16c62feb417) Importer(815301076,1909f56bfc062723c751e8b465ee728b)
Start importing Assets/Models(NewWithClouds)/MagritteInside.blend using Guid(9b3058f942e8bbb4cbaaf16c62feb417) Importer(815301076,1909f56bfc062723c751e8b465ee728b)  -> (artifact id: '35efd5be8f3c11bedae38630ab1963fb') in 0.145924 seconds 
  Import took 0.150194 seconds .

========================================================================
Received Import Request.
  Time since last request: 0.000284 seconds.
  path: Assets/Models(NewWithClouds)/Cloud.blend
  artifactKey: Guid(40fb7655835a365429f80f4bd4a6dd01) Importer(815301076,1909f56bfc062723c751e8b465ee728b)
Start importing Assets/Models(NewWithClouds)/Cloud.blend using Guid(40fb7655835a365429f80f4bd4a6dd01) Importer(815301076,1909f56bfc062723c751e8b465ee728b)  -> (artifact id: '1de4c974bf511e78cadc1339bee482e8') in 0.023391 seconds 
  Import took 0.027302 seconds .

========================================================================
Received Import Request.
  Time since last request: 0.000274 seconds.
  path: Assets/Models(NewWithClouds)/MagritteInside copy.blend
  artifactKey: Guid(44a6fa81d67d6234eb301a2a223e93d1) Importer(815301076,1909f56bfc062723c751e8b465ee728b)
Start importing Assets/Models(NewWithClouds)/MagritteInside copy.blend using Guid(44a6fa81d67d6234eb301a2a223e93d1) Importer(815301076,1909f56bfc062723c751e8b465ee728b)  -> (artifact id: 'a413961368fc90a55161577ce0f19121') in 0.116422 seconds 
  Import took 0.120881 seconds .

========================================================================
Received Import Request.
  Time since last request: 0.000270 seconds.
  path: Assets/Scenes/Inside.unity
  artifactKey: Guid(9fc0d4010bbf28b4594072e72b8655ab) Importer(815301076,1909f56bfc062723c751e8b465ee728b)
Start importing Assets/Scenes/Inside.unity using Guid(9fc0d4010bbf28b4594072e72b8655ab) Importer(815301076,1909f56bfc062723c751e8b465ee728b)  -> (artifact id: '23c34aea8e8892246ff7bc79b2d3a026') in 0.005425 seconds 
  Import took 0.008526 seconds .

========================================================================
Received Import Request.
  Time since last request: 286.089871 seconds.
  path: Assets/Models(NewWithClouds)/Textures
  artifactKey: Guid(94b63de6d7f2ece46b38f34125726ea2) Importer(815301076,1909f56bfc062723c751e8b465ee728b)
Start importing Assets/Models(NewWithClouds)/Textures using Guid(94b63de6d7f2ece46b38f34125726ea2) Importer(815301076,1909f56bfc062723c751e8b465ee728b)  -> (artifact id: 'aac064255fb9a7674d1d7400a25cac34') in 0.007014 seconds 
  Import took 0.013631 seconds .

========================================================================
Received Import Request.
  Time since last request: 238.121399 seconds.
  path: Assets/Models(NewWithClouds)/MagritteInside copy.blend
  artifactKey: Guid(44a6fa81d67d6234eb301a2a223e93d1) Importer(815301076,1909f56bfc062723c751e8b465ee728b)
Start importing Assets/Models(NewWithClouds)/MagritteInside copy.blend using Guid(44a6fa81d67d6234eb301a2a223e93d1) Importer(815301076,1909f56bfc062723c751e8b465ee728b)  -> (artifact id: '6e3437cede10cae09c0a066b79d31825') in 0.131160 seconds 
  Import took 0.136877 seconds .

========================================================================
Received Import Request.
  Time since last request: 0.000292 seconds.
  path: Assets/Models(NewWithClouds)/MagritteInside_Projection.blend
  artifactKey: Guid(f10ec3458f150dd488d6baf57bfb73e7) Importer(815301076,1909f56bfc062723c751e8b465ee728b)
Start importing Assets/Models(NewWithClouds)/MagritteInside_Projection.blend using Guid(f10ec3458f150dd488d6baf57bfb73e7) Importer(815301076,1909f56bfc062723c751e8b465ee728b)  -> (artifact id: '31ddb2e61b26f54937f208ec4a04d342') in 0.281083 seconds 
  Import took 0.287155 seconds .

========================================================================
Received Import Request.
  Time since last request: 62.901187 seconds.
  path: Assets/Models(NewWithClouds)/MagritteInside_Projection.blend
  artifactKey: Guid(f10ec3458f150dd488d6baf57bfb73e7) Importer(815301076,1909f56bfc062723c751e8b465ee728b)
Start importing Assets/Models(NewWithClouds)/MagritteInside_Projection.blend using Guid(f10ec3458f150dd488d6baf57bfb73e7) Importer(815301076,1909f56bfc062723c751e8b465ee728b)  -> (artifact id: '34204fc60a10145394c0d3bbcc94deb0') in 0.258400 seconds 
  Import took 0.263517 seconds .

========================================================================
Received Import Request.
  Time since last request: 47.154510 seconds.
  path: Assets/Models(NewWithClouds)/MagritteInside_Projection.blend
  artifactKey: Guid(f10ec3458f150dd488d6baf57bfb73e7) Importer(815301076,1909f56bfc062723c751e8b465ee728b)
Start importing Assets/Models(NewWithClouds)/MagritteInside_Projection.blend using Guid(f10ec3458f150dd488d6baf57bfb73e7) Importer(815301076,1909f56bfc062723c751e8b465ee728b)  -> (artifact id: '0022ba5bb0cd7185eda7f00e2ccbc65c') in 0.248058 seconds 
  Import took 0.252947 seconds .

========================================================================
Received Import Request.
  Time since last request: 43.975724 seconds.
  path: Assets/Models(NewWithClouds)/MagritteInside_Projection.blend
  artifactKey: Guid(f10ec3458f150dd488d6baf57bfb73e7) Importer(815301076,1909f56bfc062723c751e8b465ee728b)
Start importing Assets/Models(NewWithClouds)/MagritteInside_Projection.blend using Guid(f10ec3458f150dd488d6baf57bfb73e7) Importer(815301076,1909f56bfc062723c751e8b465ee728b)  -> (artifact id: '5cb12bb2f5914fe8819ec63c8f8f0ff4') in 0.271075 seconds 
  Import took 0.275394 seconds .

========================================================================
Received Import Request.
  Time since last request: 38.083621 seconds.
  path: Assets/Models(NewWithClouds)/MagritteInside_Projection.blend
  artifactKey: Guid(f10ec3458f150dd488d6baf57bfb73e7) Importer(815301076,1909f56bfc062723c751e8b465ee728b)
Start importing Assets/Models(NewWithClouds)/MagritteInside_Projection.blend using Guid(f10ec3458f150dd488d6baf57bfb73e7) Importer(815301076,1909f56bfc062723c751e8b465ee728b)  -> (artifact id: '88cec090e79ebd1dccc9a9919b876b00') in 0.271056 seconds 
  Import took 0.275629 seconds .

========================================================================
Received Import Request.
  Time since last request: 34.303428 seconds.
  path: Assets/Models(NewWithClouds)/MagritteInside_Projection.blend
  artifactKey: Guid(f10ec3458f150dd488d6baf57bfb73e7) Importer(815301076,1909f56bfc062723c751e8b465ee728b)
Start importing Assets/Models(NewWithClouds)/MagritteInside_Projection.blend using Guid(f10ec3458f150dd488d6baf57bfb73e7) Importer(815301076,1909f56bfc062723c751e8b465ee728b)  -> (artifact id: '2201ebc64f74d52446f75cb09e8c101d') in 0.260962 seconds 
  Import took 0.265861 seconds .

========================================================================
Received Import Request.
  Time since last request: 20.250650 seconds.
  path: Assets/Models(NewWithClouds)/MagritteInside_Projection.blend
  artifactKey: Guid(f10ec3458f150dd488d6baf57bfb73e7) Importer(815301076,1909f56bfc062723c751e8b465ee728b)
Start importing Assets/Models(NewWithClouds)/MagritteInside_Projection.blend using Guid(f10ec3458f150dd488d6baf57bfb73e7) Importer(815301076,1909f56bfc062723c751e8b465ee728b)  -> (artifact id: '968f1e76a41acfaf9518af533113c439') in 0.260732 seconds 
  Import took 0.265182 seconds .

========================================================================
Received Import Request.
  Time since last request: 20.598600 seconds.
  path: Assets/Models(NewWithClouds)/MagritteInside_Projection.blend
  artifactKey: Guid(f10ec3458f150dd488d6baf57bfb73e7) Importer(815301076,1909f56bfc062723c751e8b465ee728b)
Start importing Assets/Models(NewWithClouds)/MagritteInside_Projection.blend using Guid(f10ec3458f150dd488d6baf57bfb73e7) Importer(815301076,1909f56bfc062723c751e8b465ee728b)  -> (artifact id: '5231c4f528dd632e52bd88ebfdc29110') in 0.248911 seconds 
  Import took 0.253339 seconds .

========================================================================
Received Import Request.
  Time since last request: 17.841196 seconds.
  path: Assets/Models(NewWithClouds)/Textures/CloudsScreenBlender.png
  artifactKey: Guid(c27afee9bfef9bf418912eefb2b4e960) Importer(815301076,1909f56bfc062723c751e8b465ee728b)
Start importing Assets/Models(NewWithClouds)/Textures/CloudsScreenBlender.png using Guid(c27afee9bfef9bf418912eefb2b4e960) Importer(815301076,1909f56bfc062723c751e8b465ee728b)  -> (artifact id: '8b2649541fc4990cb0c67504ed9b8ad3') in 0.211932 seconds 
  Import took 0.217398 seconds .

========================================================================
Received Import Request.
  Time since last request: 0.000329 seconds.
  path: Assets/Models(NewWithClouds)/Textures/Projection_Red_Textures.png
  artifactKey: Guid(b69ff12980a4fbd4fa260e7c2d2aba34) Importer(815301076,1909f56bfc062723c751e8b465ee728b)
Start importing Assets/Models(NewWithClouds)/Textures/Projection_Red_Textures.png using Guid(b69ff12980a4fbd4fa260e7c2d2aba34) Importer(815301076,1909f56bfc062723c751e8b465ee728b)  -> (artifact id: '6c323207918154b4cacff210d23b64e8') in 0.019513 seconds 
  Import took 0.023201 seconds .

========================================================================
Received Import Request.
  Time since last request: 0.000286 seconds.
  path: Assets/Models(NewWithClouds)/Textures/JustClouds.png
  artifactKey: Guid(b119e99258ce936448e4b71adafc1b33) Importer(815301076,1909f56bfc062723c751e8b465ee728b)
Start importing Assets/Models(NewWithClouds)/Textures/JustClouds.png using Guid(b119e99258ce936448e4b71adafc1b33) Importer(815301076,1909f56bfc062723c751e8b465ee728b)  -> (artifact id: '8ba311a9e595d40496d149567eb70570') in 0.012395 seconds 
  Import took 0.016238 seconds .

========================================================================
Received Import Request.
  Time since last request: 0.000273 seconds.
  path: Assets/Models(NewWithClouds)/Textures/Projection_Wall_Textures.png
  artifactKey: Guid(541a7277e01c0444faf411af1013c0a0) Importer(815301076,1909f56bfc062723c751e8b465ee728b)
Start importing Assets/Models(NewWithClouds)/Textures/Projection_Wall_Textures.png using Guid(541a7277e01c0444faf411af1013c0a0) Importer(815301076,1909f56bfc062723c751e8b465ee728b)  -> (artifact id: '62b2ff73adf2a0eb5606a56dc4f9d5a6') in 0.011909 seconds 
  Import took 0.015878 seconds .

========================================================================
Received Import Request.
  Time since last request: 0.000288 seconds.
  path: Assets/Models(NewWithClouds)/Textures/paint_brush_alpha.png
  artifactKey: Guid(2839960a01883a0498187ec60dbd2423) Importer(815301076,1909f56bfc062723c751e8b465ee728b)
Start importing Assets/Models(NewWithClouds)/Textures/paint_brush_alpha.png using Guid(2839960a01883a0498187ec60dbd2423) Importer(815301076,1909f56bfc062723c751e8b465ee728b)  -> (artifact id: '7584aa8bbd8c749960922215a03f4e4b') in 0.057403 seconds 
  Import took 0.061083 seconds .

========================================================================
Received Import Request.
  Time since last request: 0.000299 seconds.
  path: Assets/Models(NewWithClouds)/Textures/Projection_Adjustment_Master.psd
  artifactKey: Guid(1d6fcd5abadafeb4e98393f5b2d94666) Importer(815301076,1909f56bfc062723c751e8b465ee728b)
Start importing Assets/Models(NewWithClouds)/Textures/Projection_Adjustment_Master.psd using Guid(1d6fcd5abadafeb4e98393f5b2d94666) Importer(815301076,1909f56bfc062723c751e8b465ee728b)  -> (artifact id: 'cff0adeef9f24726ed218e52632339e8') in 0.015883 seconds 
  Import took 0.020371 seconds .

========================================================================
Received Import Request.
  Time since last request: 0.000303 seconds.
  path: Assets/Models(NewWithClouds)/Textures/paint_brush_alpha.psd
  artifactKey: Guid(60859d392215b344194e46d98168b477) Importer(815301076,1909f56bfc062723c751e8b465ee728b)
Start importing Assets/Models(NewWithClouds)/Textures/paint_brush_alpha.psd using Guid(60859d392215b344194e46d98168b477) Importer(815301076,1909f56bfc062723c751e8b465ee728b)  -> (artifact id: '66dda626b94a9a97f9920f04bcefb946') in 0.260596 seconds 
  Import took 0.263916 seconds .

========================================================================
Received Import Request.
  Time since last request: 0.000274 seconds.
  path: Assets/Models(NewWithClouds)/Textures/Projection_Wood_Textures.png
  artifactKey: Guid(5150e6c77f9a8d34799d8f19d54c298b) Importer(815301076,1909f56bfc062723c751e8b465ee728b)
Start importing Assets/Models(NewWithClouds)/Textures/Projection_Wood_Textures.png using Guid(5150e6c77f9a8d34799d8f19d54c298b) Importer(815301076,1909f56bfc062723c751e8b465ee728b)  -> (artifact id: 'c2fa28be53ef43b25b04c8cec60b47c1') in 0.012692 seconds 
  Import took 0.016274 seconds .

========================================================================
Received Import Request.
  Time since last request: 0.000320 seconds.
  path: Assets/Models(NewWithClouds)/Textures/painting.png
  artifactKey: Guid(a59633e603498654a88a5569149ad5e0) Importer(815301076,1909f56bfc062723c751e8b465ee728b)
Start importing Assets/Models(NewWithClouds)/Textures/painting.png using Guid(a59633e603498654a88a5569149ad5e0) Importer(815301076,1909f56bfc062723c751e8b465ee728b)  -> (artifact id: 'd643c9651f580aef163c4eefec4d30fb') in 0.027013 seconds 
  Import took 0.030746 seconds .

========================================================================
Received Import Request.
  Time since last request: 0.000289 seconds.
  path: Assets/Models(NewWithClouds)/Textures/Painted_PinkWall.png
  artifactKey: Guid(4aafd987269fe2c4d92b1b6544afbdcd) Importer(815301076,1909f56bfc062723c751e8b465ee728b)
Start importing Assets/Models(NewWithClouds)/Textures/Painted_PinkWall.png using Guid(4aafd987269fe2c4d92b1b6544afbdcd) Importer(815301076,1909f56bfc062723c751e8b465ee728b)  -> (artifact id: '1351867e6dc45589a5e32af44135f09c') in 0.020230 seconds 
  Import took 0.023429 seconds .

========================================================================
Received Import Request.
  Time since last request: 0.000280 seconds.
  path: Assets/Models(NewWithClouds)/Textures/paint_brush_alpha.jpeg
  artifactKey: Guid(8b5adbec8b95ed64eafa693178c8672a) Importer(815301076,1909f56bfc062723c751e8b465ee728b)
Start importing Assets/Models(NewWithClouds)/Textures/paint_brush_alpha.jpeg using Guid(8b5adbec8b95ed64eafa693178c8672a) Importer(815301076,1909f56bfc062723c751e8b465ee728b)  -> (artifact id: '83abc095688498f371f5bc4e177be85b') in 0.067826 seconds 
  Import took 0.071206 seconds .

========================================================================
Received Import Request.
  Time since last request: 0.000280 seconds.
  path: Assets/Models(NewWithClouds)/Textures/Projection_Ball_Textures.png
  artifactKey: Guid(efdccc440c43f594cbf94fba124445bf) Importer(815301076,1909f56bfc062723c751e8b465ee728b)
Start importing Assets/Models(NewWithClouds)/Textures/Projection_Ball_Textures.png using Guid(efdccc440c43f594cbf94fba124445bf) Importer(815301076,1909f56bfc062723c751e8b465ee728b)  -> (artifact id: 'bf0d6a3fc58ac8bd5d17f3398ff0242d') in 0.012755 seconds 
  Import took 0.016218 seconds .

========================================================================
Received Import Request.
  Time since last request: 0.000266 seconds.
  path: Assets/Models(NewWithClouds)/Textures/CloudWallpaper.png
  artifactKey: Guid(6fd3310ecbe64cd45867c99b4cc9a04b) Importer(815301076,1909f56bfc062723c751e8b465ee728b)
Start importing Assets/Models(NewWithClouds)/Textures/CloudWallpaper.png using Guid(6fd3310ecbe64cd45867c99b4cc9a04b) Importer(815301076,1909f56bfc062723c751e8b465ee728b)  -> (artifact id: '105cf016cdae5b586d9f87fbdf1e5e61') in 0.063700 seconds 
  Import took 0.067543 seconds .

========================================================================
Received Import Request.
  Time since last request: 0.000277 seconds.
  path: Assets/Models(NewWithClouds)/Textures/Magritte_Painting.png.png
  artifactKey: Guid(fd29935abcbd4604094cd866427660c9) Importer(815301076,1909f56bfc062723c751e8b465ee728b)
Start importing Assets/Models(NewWithClouds)/Textures/Magritte_Painting.png.png using Guid(fd29935abcbd4604094cd866427660c9) Importer(815301076,1909f56bfc062723c751e8b465ee728b)  -> (artifact id: 'c1ab3bc30ddb11f30344742a62c8db77') in 0.012482 seconds 
  Import took 0.016231 seconds .

========================================================================
Received Import Request.
  Time since last request: 159.257474 seconds.
  path: Assets/Models(NewWithClouds)/Materials/CloudWallpaper.mat
  artifactKey: Guid(a1596421582c44240b2b5f50976c0a27) Importer(815301076,1909f56bfc062723c751e8b465ee728b)
Start importing Assets/Models(NewWithClouds)/Materials/CloudWallpaper.mat using Guid(a1596421582c44240b2b5f50976c0a27) Importer(815301076,1909f56bfc062723c751e8b465ee728b)  -> (artifact id: '7912fdc3e08da2405d32074ccd73e229') in 0.070435 seconds 
  Import took 0.075148 seconds .

========================================================================
Received Import Request.
  Time since last request: 0.000277 seconds.
  path: Assets/Models(NewWithClouds)/Materials/JustClouds.mat
  artifactKey: Guid(442e0397e3d646745bfae88b130a7635) Importer(815301076,1909f56bfc062723c751e8b465ee728b)
Start importing Assets/Models(NewWithClouds)/Materials/JustClouds.mat using Guid(442e0397e3d646745bfae88b130a7635) Importer(815301076,1909f56bfc062723c751e8b465ee728b)  -> (artifact id: '38cfd8cac3fa0ab99b7bd9d87d5676d2') in 0.016821 seconds 
  Import took 0.021273 seconds .

========================================================================
Received Import Request.
  Time since last request: 0.493952 seconds.
  path: Assets/Models(NewWithClouds)/Materials
  artifactKey: Guid(584f470f40349444fb666e868f7c86fa) Importer(815301076,1909f56bfc062723c751e8b465ee728b)
Start importing Assets/Models(NewWithClouds)/Materials using Guid(584f470f40349444fb666e868f7c86fa) Importer(815301076,1909f56bfc062723c751e8b465ee728b)  -> (artifact id: '2e64355d7778d92469d233380655c092') in 0.008630 seconds 
  Import took 0.012145 seconds .

========================================================================
Received Import Request.
  Time since last request: 11.307161 seconds.
  path: Assets/Models(NewWithClouds)/Materials/CloudMat.mat
  artifactKey: Guid(978b2bf1b30e4594e8198d58d3018144) Importer(815301076,1909f56bfc062723c751e8b465ee728b)
Start importing Assets/Models(NewWithClouds)/Materials/CloudMat.mat using Guid(978b2bf1b30e4594e8198d58d3018144) Importer(815301076,1909f56bfc062723c751e8b465ee728b)  -> (artifact id: 'b3263f2998baf9bcdbb26d2c81247919') in 0.012553 seconds 
  Import took 0.016423 seconds .

========================================================================
Received Import Request.
  Time since last request: 14.312116 seconds.
  path: Assets/Models(NewWithClouds)/Materials/CloudMat.mat
  artifactKey: Guid(978b2bf1b30e4594e8198d58d3018144) Importer(815301076,1909f56bfc062723c751e8b465ee728b)
Start importing Assets/Models(NewWithClouds)/Materials/CloudMat.mat using Guid(978b2bf1b30e4594e8198d58d3018144) Importer(815301076,1909f56bfc062723c751e8b465ee728b)  -> (artifact id: 'ee8408afcb86bf6dee778935a74cb191') in 0.010556 seconds 
  Import took 0.014700 seconds .

========================================================================
Received Import Request.
  Time since last request: 2.186247 seconds.
  path: Assets/Models(NewWithClouds)/MagritteInside_Projection.blend
  artifactKey: Guid(f10ec3458f150dd488d6baf57bfb73e7) Importer(815301076,1909f56bfc062723c751e8b465ee728b)
Start importing Assets/Models(NewWithClouds)/MagritteInside_Projection.blend using Guid(f10ec3458f150dd488d6baf57bfb73e7) Importer(815301076,1909f56bfc062723c751e8b465ee728b)  -> (artifact id: '34018fa0cccd84448f19a1150aaa95e5') in 0.294521 seconds 
  Import took 0.299698 seconds .

========================================================================
Received Import Request.
  Time since last request: 0.160256 seconds.
  path: Assets/Models(NewWithClouds)/Clouds/long_cloud.fbx
  artifactKey: Guid(cf3293059cc97454588e456ef771f877) Importer(815301076,1909f56bfc062723c751e8b465ee728b)
Start importing Assets/Models(NewWithClouds)/Clouds/long_cloud.fbx using Guid(cf3293059cc97454588e456ef771f877) Importer(815301076,1909f56bfc062723c751e8b465ee728b)  -> (artifact id: '177b987da8834c2126fca360ba0f30d4') in 0.036669 seconds 
  Import took 0.040716 seconds .

========================================================================
Received Import Request.
  Time since last request: 0.000277 seconds.
  path: Assets/Models(NewWithClouds)/Clouds/small_cloud_1.fbx
  artifactKey: Guid(4c2b701ec64423948bc4a0a587c49f82) Importer(815301076,1909f56bfc062723c751e8b465ee728b)
Start importing Assets/Models(NewWithClouds)/Clouds/small_cloud_1.fbx using Guid(4c2b701ec64423948bc4a0a587c49f82) Importer(815301076,1909f56bfc062723c751e8b465ee728b)  -> (artifact id: '3367e0754dbcdbb4f552ba32b3decdcf') in 0.032498 seconds 
  Import took 0.035702 seconds .

========================================================================
Received Import Request.
  Time since last request: 0.000272 seconds.
  path: Assets/Models(NewWithClouds)/Clouds/small_cloud_2.fbx
  artifactKey: Guid(2fe49be45bdc72246996f42fe9ac9344) Importer(815301076,1909f56bfc062723c751e8b465ee728b)
Start importing Assets/Models(NewWithClouds)/Clouds/small_cloud_2.fbx using Guid(2fe49be45bdc72246996f42fe9ac9344) Importer(815301076,1909f56bfc062723c751e8b465ee728b)  -> (artifact id: '4317c6289a063fcd99d47d6eb82cec84') in 0.023211 seconds 
  Import took 0.027125 seconds .

========================================================================
Received Import Request.
  Time since last request: 0.000243 seconds.
  path: Assets/Models(NewWithClouds)/Clouds/longer_cloud.fbx
  artifactKey: Guid(b0521716363f70842a267f1c3f2c2ea7) Importer(815301076,1909f56bfc062723c751e8b465ee728b)
Start importing Assets/Models(NewWithClouds)/Clouds/longer_cloud.fbx using Guid(b0521716363f70842a267f1c3f2c2ea7) Importer(815301076,1909f56bfc062723c751e8b465ee728b)  -> (artifact id: '54e24650c3e61c42257e91bb3917cd7a') in 0.022729 seconds 
  Import took 0.026530 seconds .

AssetImportWorkerClient::OnTransportError - code=2 error=End of file
